c:\users\nordman\desktop\хакатон\результат\v1\xakaton2024\xakaton2024\release\vc143.pdb
c:\users\nordman\desktop\хакатон\результат\v1\xakaton2024\xakaton2024\release\.netframework,version=v4.7.2.assemblyattributes.obj
c:\users\nordman\desktop\хакатон\результат\v1\xakaton2024\xakaton2024\release\statistic_settingsform.obj
c:\users\nordman\desktop\хакатон\результат\v1\xakaton2024\xakaton2024\release\pictureboxform.obj
c:\users\nordman\desktop\хакатон\результат\v1\xakaton2024\xakaton2024\release\param_controllersform.obj
c:\users\nordman\desktop\хакатон\результат\v1\xakaton2024\xakaton2024\release\create_locationform.obj
c:\users\nordman\desktop\хакатон\результат\v1\xakaton2024\xakaton2024\release\param_chls.obj
c:\users\nordman\desktop\хакатон\результат\v1\xakaton2024\xakaton2024\release\new_measurement_speed_distance.obj
c:\users\nordman\desktop\хакатон\результат\v1\xakaton2024\xakaton2024\release\aboutform.obj
c:\users\nordman\desktop\хакатон\результат\v1\xakaton2024\xakaton2024\release\mainform.obj
c:\users\nordman\desktop\хакатон\результат\v1\xakaton2024\xakaton2024\release\jb_settingsform.obj
c:\users\nordman\desktop\хакатон\результат\v1\xakaton2024\xakaton2024\release\gb_settingsform.obj
c:\users\nordman\desktop\хакатон\результат\v1\xakaton2024\xakaton2024\release\create_settings.obj
c:\users\nordman\desktop\хакатон\результат\v1\xakaton2024\xakaton2024\release\create_project_form.obj
c:\users\nordman\desktop\хакатон\результат\v1\xakaton2024\xakaton2024\release\create_calibform.obj
c:\users\nordman\desktop\хакатон\результат\v1\xakaton2024\xakaton2024\release\amp_settingsform.obj
c:\users\nordman\desktop\хакатон\результат\v1\xakaton2024\release\xakaton2024.exe
c:\users\nordman\desktop\хакатон\результат\v1\xakaton2024\xakaton2024\release\xakaton2024.vcxproj.cppwinrt_comp.rsp
c:\users\nordman\desktop\хакатон\результат\v1\xakaton2024\xakaton2024\release\xakaton2024.vcxproj.cppwinrt_plat.rsp
c:\users\nordman\desktop\хакатон\результат\v1\xakaton2024\xakaton2024\release\xakaton2024.vcxproj.mdmerge.rsp
c:\users\nordman\desktop\хакатон\результат\v1\xakaton2024\xakaton2024\release\xakaton2024.vcxproj.midlrt.rsp
c:\users\nordman\desktop\хакатон\результат\v1\xakaton2024\release\xakaton2024.pdb
c:\users\nordman\desktop\хакатон\результат\v1\xakaton2024\xakaton2024\release\xakaton2024.tlog\cl.command.1.tlog
c:\users\nordman\desktop\хакатон\результат\v1\xakaton2024\xakaton2024\release\xakaton2024.tlog\cl.items.tlog
c:\users\nordman\desktop\хакатон\результат\v1\xakaton2024\xakaton2024\release\xakaton2024.tlog\cl.read.1.tlog
c:\users\nordman\desktop\хакатон\результат\v1\xakaton2024\xakaton2024\release\xakaton2024.tlog\cl.write.1.tlog
c:\users\nordman\desktop\хакатон\результат\v1\xakaton2024\xakaton2024\release\xakaton2024.tlog\link.30360-cvtres.read.1.tlog
c:\users\nordman\desktop\хакатон\результат\v1\xakaton2024\xakaton2024\release\xakaton2024.tlog\link.30360-cvtres.write.1.tlog
c:\users\nordman\desktop\хакатон\результат\v1\xakaton2024\xakaton2024\release\xakaton2024.tlog\link.30360-rc.read.1.tlog
c:\users\nordman\desktop\хакатон\результат\v1\xakaton2024\xakaton2024\release\xakaton2024.tlog\link.30360-rc.write.1.tlog
c:\users\nordman\desktop\хакатон\результат\v1\xakaton2024\xakaton2024\release\xakaton2024.tlog\link.30360.read.1.tlog
c:\users\nordman\desktop\хакатон\результат\v1\xakaton2024\xakaton2024\release\xakaton2024.tlog\link.30360.write.1.tlog
c:\users\nordman\desktop\хакатон\результат\v1\xakaton2024\xakaton2024\release\xakaton2024.tlog\link.command.1.tlog
c:\users\nordman\desktop\хакатон\результат\v1\xakaton2024\xakaton2024\release\xakaton2024.tlog\link.read.1.tlog
c:\users\nordman\desktop\хакатон\результат\v1\xakaton2024\xakaton2024\release\xakaton2024.tlog\link.write.1.tlog
c:\users\nordman\desktop\хакатон\результат\v1\xakaton2024\xakaton2024\release\xakaton2024.tlog\metagen.read.1.tlog
c:\users\nordman\desktop\хакатон\результат\v1\xakaton2024\xakaton2024\release\xakaton2024.tlog\metagen.write.1.tlog
c:\users\nordman\desktop\хакатон\результат\v1\xakaton2024\xakaton2024\release\xakaton2024.tlog\resgen.command.1.tlog
c:\users\nordman\desktop\хакатон\результат\v1\xakaton2024\xakaton2024\release\xakaton2024.tlog\resgen.read.1.tlog
c:\users\nordman\desktop\хакатон\результат\v1\xakaton2024\xakaton2024\release\xakaton2024.tlog\resgen.write.1.tlog
